<?xml version="1.0" encoding="UTF-8"?>
<coverage generated="1602442614986" clover="3.2.0">
  <project timestamp="1602442614986" name="All files">
    <metrics statements="72" coveredstatements="51" conditionals="18" coveredconditionals="10" methods="15" coveredmethods="12" elements="105" coveredelements="73" complexity="0" loc="72" ncloc="72" packages="2" files="5" classes="5"/>
    <package name="appointments.services">
      <metrics statements="22" coveredstatements="22" conditionals="3" coveredconditionals="3" methods="6" coveredmethods="6"/>
      <file name="CreateAppointmentService.ts" path="/home/fabio.santos/Documentos/FABIO/Bootcamp/Aulas/modulo_02/GoBarber-Back-end/src/modules/appointments/services/CreateAppointmentService.ts">
        <metrics statements="14" coveredstatements="14" conditionals="2" coveredconditionals="2" methods="3" coveredmethods="3"/>
        <line num="1" count="1" type="stmt"/>
        <line num="2" count="1" type="stmt"/>
        <line num="5" count="1" type="stmt"/>
        <line num="12" count="1" type="stmt"/>
        <line num="15" count="4" type="stmt"/>
        <line num="18" count="7" type="stmt"/>
        <line num="19" count="7" type="stmt"/>
        <line num="21" count="7" type="stmt"/>
        <line num="25" count="7" type="cond" truecount="2" falsecount="0"/>
        <line num="26" count="1" type="stmt"/>
        <line num="29" count="6" type="stmt"/>
        <line num="34" count="6" type="stmt"/>
        <line num="36" count="1" type="stmt"/>
        <line num="38" count="1" type="stmt"/>
      </file>
      <file name="GelAllAppointmentsService.ts" path="/home/fabio.santos/Documentos/FABIO/Bootcamp/Aulas/modulo_02/GoBarber-Back-end/src/modules/appointments/services/GelAllAppointmentsService.ts">
        <metrics statements="8" coveredstatements="8" conditionals="1" coveredconditionals="1" methods="3" coveredmethods="3"/>
        <line num="3" count="1" type="stmt"/>
        <line num="6" count="1" type="stmt"/>
        <line num="9" count="2" type="stmt"/>
        <line num="12" count="1" type="stmt"/>
        <line num="13" count="2" type="cond" truecount="1" falsecount="0"/>
        <line num="14" count="2" type="stmt"/>
        <line num="16" count="1" type="stmt"/>
        <line num="18" count="1" type="stmt"/>
      </file>
    </package>
    <package name="users.services">
      <metrics statements="50" coveredstatements="29" conditionals="15" coveredconditionals="7" methods="9" coveredmethods="6"/>
      <file name="CreateSessionService.ts" path="/home/fabio.santos/Documentos/FABIO/Bootcamp/Aulas/modulo_02/GoBarber-Back-end/src/modules/users/services/CreateSessionService.ts">
        <metrics statements="17" coveredstatements="16" conditionals="5" coveredconditionals="4" methods="3" coveredmethods="3"/>
        <line num="1" count="1" type="stmt"/>
        <line num="3" count="1" type="stmt"/>
        <line num="5" count="1" type="stmt"/>
        <line num="19" count="1" type="stmt"/>
        <line num="22" count="2" type="stmt"/>
        <line num="24" count="2" type="stmt"/>
        <line num="27" count="2" type="stmt"/>
        <line num="28" count="2" type="cond" truecount="1" falsecount="0"/>
        <line num="30" count="2" type="cond" truecount="2" falsecount="0"/>
        <line num="31" count="1" type="stmt"/>
        <line num="34" count="1" type="stmt"/>
        <line num="39" count="1" type="cond" truecount="1" falsecount="1"/>
        <line num="40" count="0" type="stmt"/>
        <line num="42" count="1" type="stmt"/>
        <line num="43" count="1" type="stmt"/>
        <line num="48" count="1" type="stmt"/>
        <line num="53" count="1" type="stmt"/>
      </file>
      <file name="CreateUserService.ts" path="/home/fabio.santos/Documentos/FABIO/Bootcamp/Aulas/modulo_02/GoBarber-Back-end/src/modules/users/services/CreateUserService.ts">
        <metrics statements="13" coveredstatements="13" conditionals="3" coveredconditionals="3" methods="3" coveredmethods="3"/>
        <line num="3" count="2" type="stmt"/>
        <line num="5" count="2" type="stmt"/>
        <line num="13" count="2" type="stmt"/>
        <line num="15" count="3" type="stmt"/>
        <line num="16" count="3" type="stmt"/>
        <line num="19" count="4" type="stmt"/>
        <line num="20" count="4" type="cond" truecount="1" falsecount="0"/>
        <line num="22" count="4" type="cond" truecount="2" falsecount="0"/>
        <line num="23" count="1" type="stmt"/>
        <line num="26" count="3" type="stmt"/>
        <line num="28" count="3" type="stmt"/>
        <line num="34" count="3" type="stmt"/>
        <line num="36" count="2" type="stmt"/>
      </file>
      <file name="UploadUserAvatarService.ts" path="/home/fabio.santos/Documentos/FABIO/Bootcamp/Aulas/modulo_02/GoBarber-Back-end/src/modules/users/services/UploadUserAvatarService.ts">
        <metrics statements="20" coveredstatements="0" conditionals="7" coveredconditionals="0" methods="3" coveredmethods="0"/>
        <line num="2" count="0" type="stmt"/>
        <line num="3" count="0" type="stmt"/>
        <line num="4" count="0" type="stmt"/>
        <line num="6" count="0" type="stmt"/>
        <line num="8" count="0" type="stmt"/>
        <line num="15" count="0" type="stmt"/>
        <line num="17" count="0" type="stmt"/>
        <line num="20" count="0" type="stmt"/>
        <line num="21" count="0" type="cond" truecount="0" falsecount="1"/>
        <line num="23" count="0" type="cond" truecount="0" falsecount="2"/>
        <line num="24" count="0" type="stmt"/>
        <line num="27" count="0" type="cond" truecount="0" falsecount="2"/>
        <line num="28" count="0" type="stmt"/>
        <line num="29" count="0" type="stmt"/>
        <line num="30" count="0" type="cond" truecount="0" falsecount="2"/>
        <line num="31" count="0" type="stmt"/>
        <line num="35" count="0" type="stmt"/>
        <line num="37" count="0" type="stmt"/>
        <line num="39" count="0" type="stmt"/>
        <line num="41" count="0" type="stmt"/>
      </file>
    </package>
  </project>
</coverage>
