{"/home/fabio.santos/Documentos/FABIO/Bootcamp/Aulas/modulo_02/GoBarber-Back-end/src/modules/appointments/services/CreateAppointmentService.ts": {"path":"/home/fabio.santos/Documentos/FABIO/Bootcamp/Aulas/modulo_02/GoBarber-Back-end/src/modules/appointments/services/CreateAppointmentService.ts","statementMap":{"0":{"start":{"line":1,"column":0},"end":{"line":1,"column":39}},"1":{"start":{"line":2,"column":0},"end":{"line":2,"column":47}},"2":{"start":{"line":5,"column":0},"end":{"line":5,"column":57}},"3":{"start":{"line":12,"column":0},"end":{"line":12,"column":6}},"4":{"start":{"line":15,"column":12},"end":{"line":15,"column":59}},"5":{"start":{"line":18,"column":15},"end":{"line":35,"column":null}},"6":{"start":{"line":18,"column":36},"end":{"line":18,"column":38}},"7":{"start":{"line":18,"column":42},"end":{"line":18,"column":54}},"8":{"start":{"line":19,"column":10},"end":{"line":19,"column":46}},"9":{"start":{"line":21,"column":38},"end":{"line":23,"column":null}},"10":{"start":{"line":21,"column":10},"end":{"line":23,"column":null}},"11":{"start":{"line":25,"column":4},"end":{"line":27,"column":null}},"12":{"start":{"line":26,"column":6},"end":{"line":26,"column":54}},"13":{"start":{"line":29,"column":24},"end":{"line":32,"column":null}},"14":{"start":{"line":29,"column":10},"end":{"line":32,"column":null}},"15":{"start":{"line":34,"column":4},"end":{"line":34,"column":23}},"16":{"start":{"line":12,"column":6},"end":{"line":36,"column":null}},"17":{"start":{"line":36,"column":0},"end":{"line":36,"column":null}},"18":{"start":{"line":38,"column":0},"end":{"line":38,"column":40}}},"fnMap":{"0":{"name":"(anonymous_18)","decl":{"start":{"line":12,"column":0},"end":{"line":12,"column":6}},"loc":{"start":{"line":12,"column":0},"end":{"line":12,"column":6}}},"1":{"name":"CreateAppointmentService","decl":{"start":{"line":13,"column":2},"end":{"line":13,"column":null}},"loc":{"start":{"line":15,"column":59},"end":{"line":16,"column":6}}},"2":{"name":"(anonymous_20)","decl":{"start":{"line":18,"column":2},"end":{"line":18,"column":15}},"loc":{"start":{"line":18,"column":54},"end":{"line":35,"column":null}}}},"branchMap":{"0":{"loc":{"start":{"line":25,"column":4},"end":{"line":27,"column":null}},"type":"if","locations":[{"start":{"line":25,"column":4},"end":{"line":27,"column":null}},{"start":{"line":25,"column":4},"end":{"line":27,"column":null}}]}},"s":{"0":1,"1":1,"2":1,"3":1,"4":4,"5":1,"6":7,"7":7,"8":7,"9":7,"10":7,"11":7,"12":1,"13":6,"14":6,"15":6,"16":1,"17":1,"18":1},"f":{"0":1,"1":4,"2":7},"b":{"0":[1,6]}}
,"/home/fabio.santos/Documentos/FABIO/Bootcamp/Aulas/modulo_02/GoBarber-Back-end/src/modules/appointments/services/GelAllAppointmentsService.ts": {"path":"/home/fabio.santos/Documentos/FABIO/Bootcamp/Aulas/modulo_02/GoBarber-Back-end/src/modules/appointments/services/GelAllAppointmentsService.ts","statementMap":{"0":{"start":{"line":3,"column":0},"end":{"line":3,"column":46}},"1":{"start":{"line":6,"column":0},"end":{"line":6,"column":6}},"2":{"start":{"line":9,"column":12},"end":{"line":9,"column":59}},"3":{"start":{"line":12,"column":15},"end":{"line":15,"column":null}},"4":{"start":{"line":13,"column":25},"end":{"line":13,"column":null}},"5":{"start":{"line":13,"column":10},"end":{"line":13,"column":null}},"6":{"start":{"line":14,"column":4},"end":{"line":14,"column":24}},"7":{"start":{"line":6,"column":6},"end":{"line":16,"column":null}},"8":{"start":{"line":16,"column":0},"end":{"line":16,"column":null}},"9":{"start":{"line":18,"column":0},"end":{"line":18,"column":41}}},"fnMap":{"0":{"name":"(anonymous_17)","decl":{"start":{"line":6,"column":0},"end":{"line":6,"column":6}},"loc":{"start":{"line":6,"column":0},"end":{"line":6,"column":6}}},"1":{"name":"GelAllAppointmentsService","decl":{"start":{"line":7,"column":2},"end":{"line":7,"column":null}},"loc":{"start":{"line":9,"column":59},"end":{"line":10,"column":6}}},"2":{"name":"(anonymous_19)","decl":{"start":{"line":12,"column":2},"end":{"line":12,"column":15}},"loc":{"start":{"line":12,"column":2},"end":{"line":15,"column":null}}}},"branchMap":{"0":{"loc":{"start":{"line":13,"column":25},"end":{"line":13,"column":null}},"type":"switch","locations":[{"start":{"line":13,"column":25},"end":{"line":13,"column":null}}]}},"s":{"0":1,"1":1,"2":2,"3":1,"4":2,"5":2,"6":2,"7":1,"8":1,"9":1},"f":{"0":1,"1":2,"2":2},"b":{"0":[2]}}
,"/home/fabio.santos/Documentos/FABIO/Bootcamp/Aulas/modulo_02/GoBarber-Back-end/src/modules/users/services/CreateSessionService.ts": {"path":"/home/fabio.santos/Documentos/FABIO/Bootcamp/Aulas/modulo_02/GoBarber-Back-end/src/modules/users/services/CreateSessionService.ts","statementMap":{"0":{"start":{"line":1,"column":0},"end":{"line":1,"column":36}},"1":{"start":{"line":3,"column":0},"end":{"line":3,"column":47}},"2":{"start":{"line":5,"column":0},"end":{"line":5,"column":46}},"3":{"start":{"line":19,"column":0},"end":{"line":19,"column":21}},"4":{"start":{"line":22,"column":12},"end":{"line":22,"column":44}},"5":{"start":{"line":24,"column":12},"end":{"line":24,"column":39}},"6":{"start":{"line":27,"column":15},"end":{"line":52,"column":null}},"7":{"start":{"line":27,"column":30},"end":{"line":27,"column":32}},"8":{"start":{"line":27,"column":40},"end":{"line":27,"column":52}},"9":{"start":{"line":28,"column":17},"end":{"line":28,"column":null}},"10":{"start":{"line":28,"column":10},"end":{"line":28,"column":null}},"11":{"start":{"line":30,"column":4},"end":{"line":32,"column":null}},"12":{"start":{"line":31,"column":6},"end":{"line":31,"column":65}},"13":{"start":{"line":34,"column":26},"end":{"line":37,"column":null}},"14":{"start":{"line":34,"column":10},"end":{"line":37,"column":null}},"15":{"start":{"line":39,"column":4},"end":{"line":41,"column":null}},"16":{"start":{"line":40,"column":6},"end":{"line":40,"column":65}},"17":{"start":{"line":42,"column":10},"end":{"line":42,"column":38}},"18":{"start":{"line":43,"column":10},"end":{"line":46,"column":7}},"19":{"start":{"line":48,"column":4},"end":{"line":51,"column":6}},"20":{"start":{"line":19,"column":21},"end":{"line":53,"column":null}},"21":{"start":{"line":53,"column":0},"end":{"line":53,"column":null}},"22":{"start":{"line":19,"column":21},"end":{"line":19,"column":null}}},"fnMap":{"0":{"name":"(anonymous_18)","decl":{"start":{"line":19,"column":0},"end":{"line":19,"column":21}},"loc":{"start":{"line":19,"column":0},"end":{"line":19,"column":21}}},"1":{"name":"CreateSessionService","decl":{"start":{"line":20,"column":2},"end":{"line":20,"column":null}},"loc":{"start":{"line":24,"column":39},"end":{"line":25,"column":6}}},"2":{"name":"(anonymous_20)","decl":{"start":{"line":27,"column":2},"end":{"line":27,"column":15}},"loc":{"start":{"line":27,"column":52},"end":{"line":52,"column":null}}}},"branchMap":{"0":{"loc":{"start":{"line":28,"column":17},"end":{"line":28,"column":null}},"type":"switch","locations":[{"start":{"line":28,"column":17},"end":{"line":28,"column":null}}]},"1":{"loc":{"start":{"line":30,"column":4},"end":{"line":32,"column":null}},"type":"if","locations":[{"start":{"line":30,"column":4},"end":{"line":32,"column":null}},{"start":{"line":30,"column":4},"end":{"line":32,"column":null}}]},"2":{"loc":{"start":{"line":39,"column":4},"end":{"line":41,"column":null}},"type":"if","locations":[{"start":{"line":39,"column":4},"end":{"line":41,"column":null}},{"start":{"line":39,"column":4},"end":{"line":41,"column":null}}]}},"s":{"0":1,"1":1,"2":1,"3":1,"4":2,"5":2,"6":1,"7":2,"8":2,"9":2,"10":2,"11":2,"12":1,"13":1,"14":1,"15":1,"16":0,"17":1,"18":1,"19":1,"20":1,"21":1,"22":1},"f":{"0":1,"1":2,"2":2},"b":{"0":[2],"1":[1,1],"2":[0,1]}}
,"/home/fabio.santos/Documentos/FABIO/Bootcamp/Aulas/modulo_02/GoBarber-Back-end/src/modules/users/services/CreateUserService.ts": {"path":"/home/fabio.santos/Documentos/FABIO/Bootcamp/Aulas/modulo_02/GoBarber-Back-end/src/modules/users/services/CreateUserService.ts","statementMap":{"0":{"start":{"line":3,"column":0},"end":{"line":3,"column":47}},"1":{"start":{"line":5,"column":0},"end":{"line":5,"column":46}},"2":{"start":{"line":13,"column":0},"end":{"line":13,"column":21}},"3":{"start":{"line":15,"column":39},"end":{"line":15,"column":71}},"4":{"start":{"line":16,"column":36},"end":{"line":16,"column":63}},"5":{"start":{"line":19,"column":15},"end":{"line":35,"column":null}},"6":{"start":{"line":19,"column":29},"end":{"line":19,"column":31}},"7":{"start":{"line":19,"column":39},"end":{"line":19,"column":41}},"8":{"start":{"line":19,"column":46},"end":{"line":19,"column":58}},"9":{"start":{"line":20,"column":30},"end":{"line":20,"column":null}},"10":{"start":{"line":20,"column":10},"end":{"line":20,"column":null}},"11":{"start":{"line":22,"column":4},"end":{"line":24,"column":null}},"12":{"start":{"line":23,"column":6},"end":{"line":23,"column":55}},"13":{"start":{"line":26,"column":25},"end":{"line":26,"column":null}},"14":{"start":{"line":26,"column":10},"end":{"line":26,"column":null}},"15":{"start":{"line":28,"column":17},"end":{"line":32,"column":null}},"16":{"start":{"line":28,"column":10},"end":{"line":32,"column":null}},"17":{"start":{"line":34,"column":4},"end":{"line":34,"column":16}},"18":{"start":{"line":13,"column":21},"end":{"line":36,"column":null}},"19":{"start":{"line":36,"column":0},"end":{"line":36,"column":null}},"20":{"start":{"line":13,"column":21},"end":{"line":13,"column":null}}},"fnMap":{"0":{"name":"(anonymous_18)","decl":{"start":{"line":13,"column":0},"end":{"line":13,"column":21}},"loc":{"start":{"line":13,"column":0},"end":{"line":13,"column":21}}},"1":{"name":"CreateUserService","decl":{"start":{"line":14,"column":2},"end":{"line":14,"column":null}},"loc":{"start":{"line":16,"column":63},"end":{"line":17,"column":6}}},"2":{"name":"(anonymous_20)","decl":{"start":{"line":19,"column":2},"end":{"line":19,"column":15}},"loc":{"start":{"line":19,"column":58},"end":{"line":35,"column":null}}}},"branchMap":{"0":{"loc":{"start":{"line":20,"column":30},"end":{"line":20,"column":null}},"type":"switch","locations":[{"start":{"line":20,"column":30},"end":{"line":20,"column":null}}]},"1":{"loc":{"start":{"line":22,"column":4},"end":{"line":24,"column":null}},"type":"if","locations":[{"start":{"line":22,"column":4},"end":{"line":24,"column":null}},{"start":{"line":22,"column":4},"end":{"line":24,"column":null}}]}},"s":{"0":2,"1":2,"2":2,"3":3,"4":3,"5":2,"6":4,"7":4,"8":4,"9":4,"10":4,"11":4,"12":1,"13":3,"14":3,"15":3,"16":3,"17":3,"18":2,"19":2,"20":2},"f":{"0":2,"1":3,"2":4},"b":{"0":[4],"1":[1,3]}}
,"/home/fabio.santos/Documentos/FABIO/Bootcamp/Aulas/modulo_02/GoBarber-Back-end/src/modules/users/services/UploadUserAvatarService.ts": {"path":"/home/fabio.santos/Documentos/FABIO/Bootcamp/Aulas/modulo_02/GoBarber-Back-end/src/modules/users/services/UploadUserAvatarService.ts","statementMap":{"0":{"start":{"line":2,"column":0},"end":{"line":2,"column":24}},"1":{"start":{"line":3,"column":0},"end":{"line":3,"column":20}},"2":{"start":{"line":4,"column":0},"end":{"line":4,"column":36}},"3":{"start":{"line":6,"column":0},"end":{"line":6,"column":47}},"4":{"start":{"line":8,"column":0},"end":{"line":8,"column":46}},"5":{"start":{"line":15,"column":0},"end":{"line":15,"column":21}},"6":{"start":{"line":17,"column":39},"end":{"line":17,"column":71}},"7":{"start":{"line":20,"column":15},"end":{"line":40,"column":null}},"8":{"start":{"line":20,"column":32},"end":{"line":20,"column":34}},"9":{"start":{"line":20,"column":48},"end":{"line":20,"column":60}},"10":{"start":{"line":21,"column":17},"end":{"line":21,"column":null}},"11":{"start":{"line":21,"column":10},"end":{"line":21,"column":null}},"12":{"start":{"line":23,"column":4},"end":{"line":25,"column":null}},"13":{"start":{"line":24,"column":6},"end":{"line":24,"column":51}},"14":{"start":{"line":27,"column":8},"end":{"line":27,"column":12}},"15":{"start":{"line":28,"column":12},"end":{"line":28,"column":64}},"16":{"start":{"line":29,"column":25},"end":{"line":29,"column":null}},"17":{"start":{"line":29,"column":12},"end":{"line":29,"column":null}},"18":{"start":{"line":30,"column":10},"end":{"line":30,"column":20}},"19":{"start":{"line":31,"column":8},"end":{"line":31,"column":43}},"20":{"start":{"line":35,"column":4},"end":{"line":35,"column":33}},"21":{"start":{"line":37,"column":4},"end":{"line":37,"column":41}},"22":{"start":{"line":39,"column":4},"end":{"line":39,"column":16}},"23":{"start":{"line":15,"column":21},"end":{"line":41,"column":null}},"24":{"start":{"line":41,"column":0},"end":{"line":41,"column":null}},"25":{"start":{"line":15,"column":21},"end":{"line":15,"column":null}}},"fnMap":{"0":{"name":"(anonymous_18)","decl":{"start":{"line":15,"column":0},"end":{"line":15,"column":21}},"loc":{"start":{"line":15,"column":0},"end":{"line":15,"column":21}}},"1":{"name":"UploadUserAvatarService","decl":{"start":{"line":16,"column":2},"end":{"line":16,"column":null}},"loc":{"start":{"line":17,"column":71},"end":{"line":18,"column":6}}},"2":{"name":"(anonymous_20)","decl":{"start":{"line":20,"column":2},"end":{"line":20,"column":15}},"loc":{"start":{"line":20,"column":60},"end":{"line":40,"column":null}}}},"branchMap":{"0":{"loc":{"start":{"line":21,"column":17},"end":{"line":21,"column":null}},"type":"switch","locations":[{"start":{"line":21,"column":17},"end":{"line":21,"column":null}}]},"1":{"loc":{"start":{"line":23,"column":4},"end":{"line":25,"column":null}},"type":"if","locations":[{"start":{"line":23,"column":4},"end":{"line":25,"column":null}},{"start":{"line":23,"column":4},"end":{"line":25,"column":null}}]},"2":{"loc":{"start":{"line":27,"column":8},"end":{"line":27,"column":12}},"type":"if","locations":[{"start":{"line":27,"column":8},"end":{"line":27,"column":12}},{"start":{"line":27,"column":8},"end":{"line":27,"column":12}}]},"3":{"loc":{"start":{"line":30,"column":10},"end":{"line":30,"column":20}},"type":"if","locations":[{"start":{"line":30,"column":10},"end":{"line":30,"column":20}},{"start":{"line":30,"column":10},"end":{"line":30,"column":20}}]}},"s":{"0":0,"1":0,"2":0,"3":0,"4":0,"5":0,"6":0,"7":0,"8":0,"9":0,"10":0,"11":0,"12":0,"13":0,"14":0,"15":0,"16":0,"17":0,"18":0,"19":0,"20":0,"21":0,"22":0,"23":0,"24":0,"25":0},"f":{"0":0,"1":0,"2":0},"b":{"0":[0],"1":[0,0],"2":[0,0],"3":[0,0]}}
}
