TN:
SF:src/modules/appointments/services/CreateAppointmentService.ts
FN:12,(anonymous_18)
FN:13,CreateAppointmentService
FN:18,(anonymous_20)
FNF:3
FNH:3
FNDA:1,(anonymous_18)
FNDA:4,CreateAppointmentService
FNDA:7,(anonymous_20)
DA:1,1
DA:2,1
DA:5,1
DA:12,1
DA:15,4
DA:18,7
DA:19,7
DA:21,7
DA:25,7
DA:26,1
DA:29,6
DA:34,6
DA:36,1
DA:38,1
LF:14
LH:14
BRDA:25,0,0,1
BRDA:25,0,1,6
BRF:2
BRH:2
end_of_record
TN:
SF:src/modules/appointments/services/GelAllAppointmentsService.ts
FN:6,(anonymous_17)
FN:7,GelAllAppointmentsService
FN:12,(anonymous_19)
FNF:3
FNH:3
FNDA:1,(anonymous_17)
FNDA:2,GelAllAppointmentsService
FNDA:2,(anonymous_19)
DA:3,1
DA:6,1
DA:9,2
DA:12,1
DA:13,2
DA:14,2
DA:16,1
DA:18,1
LF:8
LH:8
BRDA:13,0,0,2
BRF:1
BRH:1
end_of_record
TN:
SF:src/modules/users/services/CreateSessionService.ts
FN:19,(anonymous_18)
FN:20,CreateSessionService
FN:27,(anonymous_20)
FNF:3
FNH:3
FNDA:1,(anonymous_18)
FNDA:3,CreateSessionService
FNDA:3,(anonymous_20)
DA:1,1
DA:3,1
DA:5,1
DA:19,1
DA:22,3
DA:24,3
DA:27,3
DA:28,3
DA:30,3
DA:31,1
DA:34,2
DA:39,2
DA:40,1
DA:42,1
DA:43,1
DA:48,1
DA:53,1
LF:17
LH:17
BRDA:28,0,0,3
BRDA:30,1,0,1
BRDA:30,1,1,2
BRDA:39,2,0,1
BRDA:39,2,1,1
BRF:5
BRH:5
end_of_record
TN:
SF:src/modules/users/services/CreateUserService.ts
FN:13,(anonymous_18)
FN:14,CreateUserService
FN:19,(anonymous_20)
FNF:3
FNH:3
FNDA:2,(anonymous_18)
FNDA:4,CreateUserService
FNDA:5,(anonymous_20)
DA:3,2
DA:5,2
DA:13,2
DA:15,4
DA:16,4
DA:19,5
DA:20,5
DA:22,5
DA:23,1
DA:26,4
DA:28,4
DA:34,4
DA:36,2
LF:13
LH:13
BRDA:20,0,0,5
BRDA:22,1,0,1
BRDA:22,1,1,4
BRF:3
BRH:3
end_of_record
TN:
SF:src/modules/users/services/ResetPasswordService.ts
FN:15,(anonymous_18)
FN:16,ResetPasswordService
FN:23,(anonymous_20)
FNF:3
FNH:3
FNDA:1,(anonymous_18)
FNDA:4,ResetPasswordService
FNDA:4,(anonymous_20)
DA:2,1
DA:4,1
DA:8,1
DA:15,1
DA:17,4
DA:19,4
DA:20,4
DA:23,4
DA:24,4
DA:25,4
DA:26,3
DA:27,3
DA:29,2
DA:30,2
DA:32,2
DA:34,1
DA:35,2
DA:37,1
LF:18
LH:18
BRDA:24,0,0,4
BRDA:25,1,0,1
BRDA:25,1,1,3
BRDA:27,2,0,1
BRDA:27,2,1,2
BRDA:32,3,0,1
BRDA:32,3,1,1
BRF:7
BRH:7
end_of_record
TN:
SF:src/modules/users/services/SendForgotPasswordEmailService.ts
FN:13,(anonymous_18)
FN:14,SendForgotPasswordEmailService
FN:21,(anonymous_20)
FNF:3
FNH:3
FNDA:1,(anonymous_18)
FNDA:3,SendForgotPasswordEmailService
FNDA:3,(anonymous_20)
DA:2,1
DA:4,1
DA:7,1
DA:13,1
DA:15,3
DA:16,3
DA:18,3
DA:21,3
DA:22,3
DA:24,3
DA:25,1
DA:28,2
DA:30,4
DA:45,1
LF:14
LH:14
BRDA:22,0,0,3
BRDA:24,1,0,1
BRDA:24,1,1,2
BRF:3
BRH:3
end_of_record
TN:
SF:src/modules/users/services/UpdateProfileService.ts
FN:16,(anonymous_18)
FN:17,UpdateProfileService
FN:22,(anonymous_20)
FNF:3
FNH:3
FNDA:1,(anonymous_18)
FNDA:6,UpdateProfileService
FNDA:6,(anonymous_20)
DA:3,1
DA:5,1
DA:16,1
DA:18,6
DA:19,6
DA:22,1
DA:23,6
DA:24,6
DA:25,6
DA:26,6
DA:27,6
DA:29,6
DA:31,6
DA:33,5
DA:35,5
DA:36,1
DA:38,4
DA:39,4
DA:41,4
DA:43,4
DA:44,2
DA:49,2
DA:51,1
DA:54,4
DA:56,2
DA:58,1
LF:26
LH:26
BRDA:29,0,0,6
BRDA:29,0,1,2
BRDA:31,1,0,1
BRDA:31,1,1,5
BRDA:35,2,0,1
BRDA:35,2,1,4
BRDA:35,3,0,5
BRDA:35,3,1,3
BRDA:41,4,0,1
BRDA:41,4,1,3
BRDA:41,5,0,4
BRDA:41,5,1,3
BRDA:43,6,0,1
BRDA:43,6,1,2
BRDA:43,7,0,3
BRDA:43,7,1,2
BRDA:49,8,0,1
BRDA:49,8,1,1
BRF:18
BRH:18
end_of_record
TN:
SF:src/modules/users/services/UploadUserAvatarService.ts
FN:16,(anonymous_18)
FN:17,UploadUserAvatarService
FN:22,(anonymous_20)
FNF:3
FNH:3
FNDA:1,(anonymous_18)
FNDA:3,UploadUserAvatarService
FNDA:4,(anonymous_20)
DA:6,1
DA:8,1
DA:16,1
DA:18,3
DA:19,3
DA:22,4
DA:23,4
DA:25,4
DA:26,1
DA:29,5
DA:30,2
DA:33,3
DA:35,3
DA:37,6
DA:39,3
DA:41,1
LF:16
LH:16
BRDA:23,0,0,4
BRDA:23,0,1,3
BRDA:25,1,0,1
BRDA:25,1,1,3
BRDA:29,2,0,2
BRDA:29,2,1,1
BRF:6
BRH:6
end_of_record
